<?xml version="1.0" encoding="UTF-8"?>
<testsuite name="com.jcmd.core.UnixCmderPwdTest" tests="1" skipped="1" failures="0" errors="0" timestamp="2019-11-30T16:35:59" hostname="MacBook-Air-Pavel.local" time="122.922">
  <properties/>
  <testcase name="simplePwd" classname="com.jcmd.core.UnixCmderPwdTest" time="122.922">
    <skipped/>
  </testcase>
  <system-out><![CDATA[]]></system-out>
  <system-err><![CDATA[]]></system-err>
</testsuite>
